2016-09-11 13:46:28 Error: [Cake\Console\Exception\MissingShellException] Shell class for "Server:run" could not be found.
Exception Attributes: array (
  'class' => 'Server:run',
)
Stack Trace:
#0 /var/www/sac/vendor/cakephp/cakephp/src/Console/ShellDispatcher.php(223): Cake\Console\ShellDispatcher->findShell('Server:run')
#1 /var/www/sac/vendor/cakephp/cakephp/src/Console/ShellDispatcher.php(182): Cake\Console\ShellDispatcher->_dispatch(Array)
#2 /var/www/sac/vendor/cakephp/cakephp/src/Console/ShellDispatcher.php(128): Cake\Console\ShellDispatcher->dispatch(Array)
#3 /var/www/sac/bin/cake.php(34): Cake\Console\ShellDispatcher::run(Array)
#4 {main}


2016-09-11 13:46:32 Error: [Cake\Console\Exception\MissingShellException] Shell class for "Server:run" could not be found.
Exception Attributes: array (
  'class' => 'Server:run',
)
Stack Trace:
#0 /var/www/sac/vendor/cakephp/cakephp/src/Console/ShellDispatcher.php(223): Cake\Console\ShellDispatcher->findShell('Server:run')
#1 /var/www/sac/vendor/cakephp/cakephp/src/Console/ShellDispatcher.php(182): Cake\Console\ShellDispatcher->_dispatch(Array)
#2 /var/www/sac/vendor/cakephp/cakephp/src/Console/ShellDispatcher.php(128): Cake\Console\ShellDispatcher->dispatch(Array)
#3 /var/www/sac/bin/cake.php(34): Cake\Console\ShellDispatcher::run(Array)
#4 {main}


